\BOOKMARK [0][-]{chapter.1}{Introduction}{}% 1
\BOOKMARK [0][-]{chapter.2}{Project Definition}{}% 2
\BOOKMARK [1][-]{section.2.1}{Problem Statement}{chapter.2}% 3
\BOOKMARK [1][-]{section.2.2}{Project Objective}{chapter.2}% 4
\BOOKMARK [1][-]{section.2.3}{Mission Need Statement}{chapter.2}% 5
\BOOKMARK [1][-]{section.2.4}{Top Level Requirements}{chapter.2}% 6
\BOOKMARK [1][-]{section.2.5}{Description of Entire System}{chapter.2}% 7
\BOOKMARK [0][-]{chapter.3}{Team organization}{}% 8
\BOOKMARK [1][-]{section.3.1}{Control and monitoring the work}{chapter.3}% 9
\BOOKMARK [2][-]{subsection.3.1.1}{Version control}{section.3.1}% 10
\BOOKMARK [0][-]{chapter.4}{Schedule and Work Logic}{}% 11
\BOOKMARK [1][-]{section.4.1}{Milestones}{chapter.4}% 12
\BOOKMARK [1][-]{section.4.2}{Project Phasing and Logic}{chapter.4}% 13
\BOOKMARK [2][-]{subsection.4.2.1}{Baseline Review}{section.4.2}% 14
\BOOKMARK [2][-]{subsection.4.2.2}{Baseline Report}{section.4.2}% 15
\BOOKMARK [2][-]{subsection.4.2.3}{Midterm Review}{section.4.2}% 16
\BOOKMARK [2][-]{subsection.4.2.4}{Final Review}{section.4.2}% 17
\BOOKMARK [1][-]{section.4.3}{Work Breakdown Structure}{chapter.4}% 18
\BOOKMARK [1][-]{section.4.4}{Schedule Risk}{chapter.4}% 19
\BOOKMARK [2][-]{subsection.4.4.1}{Baseline Milestone Risk}{section.4.4}% 20
\BOOKMARK [2][-]{subsection.4.4.2}{Midterm Milestone Risk}{section.4.4}% 21
\BOOKMARK [0][-]{chapter.5}{Sustainable development approach}{}% 22
\BOOKMARK [0][-]{Appendix.1.A}{Appendix Work breakdown structure}{}% 23
